#
# There is insufficient memory for the Java Runtime Environment to continue.
# Native memory allocation (malloc) failed to allocate 91856 bytes. Error detail: Chunk::new
# Possible reasons:
#   The system is out of physical RAM or swap space
#   This process is running with CompressedOops enabled, and the Java Heap may be blocking the growth of the native heap
# Possible solutions:
#   Reduce memory load on the system
#   Increase physical memory or swap space
#   Check if swap backing store is full
#   Decrease Java heap size (-Xmx/-Xms)
#   Decrease number of Java threads
#   Decrease Java thread stack sizes (-Xss)
#   Set larger code cache with -XX:ReservedCodeCacheSize=
#   JVM is running with Unscaled Compressed Oops mode in which the Java heap is
#     placed in the first 4GB address space. The Java Heap base address is the
#     maximum limit for the native heap growth. Please use -XX:HeapBaseMinAddress
#     to set the Java Heap base and to place the Java Heap above 4GB virtual address.
# This output file may be truncated or incomplete.
#
#  Out of Memory Error (arena.cpp:191), pid=5676, tid=21112
#
# JRE version: OpenJDK Runtime Environment Microsoft-13106358 (17.0.18+8) (build 17.0.18+8-LTS)
# Java VM: OpenJDK 64-Bit Server VM Microsoft-13106358 (17.0.18+8-LTS, mixed mode, sharing, tiered, compressed oops, compressed class ptrs, g1 gc, windows-amd64)
# No core dump will be written. Minidumps are not enabled by default on client versions of Windows
#

---------------  S U M M A R Y ------------

Command Line: -Xmx64m -Xms64m -Dorg.gradle.appname=gradlew C:\rtwsnfixed\rtwsn-locator-fixed\android\\gradle\wrapper\gradle-wrapper.jar assembleRelease

Host: 12th Gen Intel(R) Core(TM) i7-12650H, 16 cores, 7G,  Windows 11 , 64 bit Build 26100 (10.0.26100.7920)
Time: Wed Apr  8 23:44:13 2026 India Standard Time elapsed time: 105.577858 seconds (0d 0h 1m 45s)

---------------  T H R E A D  ---------------

Current thread (0x00000217eae93b90):  JavaThread "C2 CompilerThread0" daemon [_thread_in_native, id=21112, stack(0x000000d23a600000,0x000000d23a700000)]


Current CompileTask:
C2:105577 1993       4       java.lang.AbstractStringBuilder::insert (54 bytes)

Stack: [0x000000d23a600000,0x000000d23a700000]
Native frames: (J=compiled Java code, j=interpreted, Vv=VM code, C=native code)
V  [jvm.dll+0x68c879]  (no source info available)
V  [jvm.dll+0x845979]  (no source info available)
V  [jvm.dll+0x8476e8]  (no source info available)
V  [jvm.dll+0x847d73]  (no source info available)
V  [jvm.dll+0x24cf6f]  (no source info available)
V  [jvm.dll+0xaecb6]  (no source info available)
V  [jvm.dll+0xaf35c]  (no source info available)
V  [jvm.dll+0x2b4b8f]  (no source info available)
V  [jvm.dll+0x5948a4]  (no source info available)
V  [jvm.dll+0x226d84]  (no source info available)
V  [jvm.dll+0x22718d]  (no source info available)
V  [jvm.dll+0x220193]  (no source info available)
V  [jvm.dll+0x21d260]  (no source info available)
V  [jvm.dll+0x1a8ce6]  (no source info available)
V  [jvm.dll+0x22db1b]  (no source info available)
V  [jvm.dll+0x22bca6]  (no source info available)
V  [jvm.dll+0x7fbabb]  (no source info available)
V  [jvm.dll+0x7f5ebc]  (no source info available)
V  [jvm.dll+0x68de17]  (no source info available)
C  [ucrtbase.dll+0x37b0]  (no source info available)
C  [KERNEL32.DLL+0x2e8d7]  (no source info available)
C  [ntdll.dll+0x8c48c]  (no source info available)


---------------  P R O C E S S  ---------------

Threads class SMR info:
_java_thread_list=0x00000217f0def780, length=14, elements={
0x00000217d09694e0, 0x00000217eae73a60, 0x00000217eae75150, 0x00000217eae8e420,
0x00000217eae8e900, 0x00000217eae8ede0, 0x00000217eae932d0, 0x00000217eae93b90,
0x00000217eae96170, 0x00000217eaeabbb0, 0x00000217ef0f3510, 0x00000217ef0f94f0,
0x00000217efb49d20, 0x00000217ce4bd220
}

Java Threads: ( => current thread )
  0x00000217d09694e0 JavaThread "main" [_thread_in_native, id=19164, stack(0x000000d239900000,0x000000d239a00000)]
  0x00000217eae73a60 JavaThread "Reference Handler" daemon [_thread_blocked, id=14168, stack(0x000000d23a000000,0x000000d23a100000)]
  0x00000217eae75150 JavaThread "Finalizer" daemon [_thread_blocked, id=12076, stack(0x000000d23a100000,0x000000d23a200000)]
  0x00000217eae8e420 JavaThread "Signal Dispatcher" daemon [_thread_blocked, id=4620, stack(0x000000d23a200000,0x000000d23a300000)]
  0x00000217eae8e900 JavaThread "Attach Listener" daemon [_thread_blocked, id=25524, stack(0x000000d23a300000,0x000000d23a400000)]
  0x00000217eae8ede0 JavaThread "Service Thread" daemon [_thread_blocked, id=19800, stack(0x000000d23a400000,0x000000d23a500000)]
  0x00000217eae932d0 JavaThread "Monitor Deflation Thread" daemon [_thread_blocked, id=14504, stack(0x000000d23a500000,0x000000d23a600000)]
=>0x00000217eae93b90 JavaThread "C2 CompilerThread0" daemon [_thread_in_native, id=21112, stack(0x000000d23a600000,0x000000d23a700000)]
  0x00000217eae96170 JavaThread "C1 CompilerThread0" daemon [_thread_blocked, id=16944, stack(0x000000d23a700000,0x000000d23a800000)]
  0x00000217eaeabbb0 JavaThread "Sweeper thread" daemon [_thread_blocked, id=15320, stack(0x000000d23a800000,0x000000d23a900000)]
  0x00000217ef0f3510 JavaThread "Notification Thread" daemon [_thread_blocked, id=13112, stack(0x000000d23ac00000,0x000000d23ad00000)]
  0x00000217ef0f94f0 JavaThread "Common-Cleaner" daemon [_thread_blocked, id=26220, stack(0x000000d23ae00000,0x000000d23af00000)]
  0x00000217efb49d20 JavaThread "pool-1-thread-1" [_thread_blocked, id=13368, stack(0x000000d23b400000,0x000000d23b500000)]
  0x00000217ce4bd220 JavaThread "C2 CompilerThread1" daemon [_thread_blocked, id=2968, stack(0x000000d239600000,0x000000d239700000)]

Other Threads:
  0x00000217eae70610 VMThread "VM Thread" [stack: 0x000000d239f00000,0x000000d23a000000] [id=18224]
  0x00000217ef0f4410 WatcherThread [stack: 0x000000d23ad00000,0x000000d23ae00000] [id=13160]
  0x00000217d098d820 GCTaskThread "GC Thread#0" [stack: 0x000000d239a00000,0x000000d239b00000] [id=24628]
  0x00000217ef5dedc0 GCTaskThread "GC Thread#1" [stack: 0x000000d23b000000,0x000000d23b100000] [id=25972]
  0x00000217ef5df090 GCTaskThread "GC Thread#2" [stack: 0x000000d23b100000,0x000000d23b200000] [id=25788]
  0x00000217ef5df630 GCTaskThread "GC Thread#3" [stack: 0x000000d23b200000,0x000000d23b300000] [id=11832]
  0x00000217ef5de550 GCTaskThread "GC Thread#4" [stack: 0x000000d23b300000,0x000000d23b400000] [id=18492]
  0x00000217ef5de820 GCTaskThread "GC Thread#5" [stack: 0x000000d23b500000,0x000000d23b600000] [id=25284]
  0x00000217ef5deaf0 GCTaskThread "GC Thread#6" [stack: 0x000000d23b600000,0x000000d23b700000] [id=20644]
  0x00000217ef5df360 GCTaskThread "GC Thread#7" [stack: 0x000000d23b700000,0x000000d23b800000] [id=19624]
  0x00000217d098ef80 ConcurrentGCThread "G1 Main Marker" [stack: 0x000000d239b00000,0x000000d239c00000] [id=12908]
  0x00000217d0990670 ConcurrentGCThread "G1 Conc#0" [stack: 0x000000d239c00000,0x000000d239d00000] [id=25252]
  0x00000217d0a17ff0 ConcurrentGCThread "G1 Refine#0" [stack: 0x000000d239d00000,0x000000d239e00000] [id=12760]
  0x00000217d0a183f0 ConcurrentGCThread "G1 Service" [stack: 0x000000d239e00000,0x000000d239f00000] [id=5664]

Threads with active compile tasks:
C2 CompilerThread0  106332 1993       4       java.lang.AbstractStringBuilder::insert (54 bytes)

VM state: not at safepoint (normal execution)

VM Mutex/Monitor currently owned by a thread: None

Heap address: 0x00000000fc000000, size: 64 MB, Compressed Oops mode: 32-bit

CDS archive(s) mapped at: [0x0000021780000000-0x0000021780bb0000-0x0000021780bb0000), size 12255232, SharedBaseAddress: 0x0000021780000000, ArchiveRelocationMode: 1.
Compressed class space mapped at: 0x0000021781000000-0x00000217c1000000, reserved size: 1073741824
Narrow klass base: 0x0000021780000000, Narrow klass shift: 0, Narrow klass range: 0x100000000

GC Precious Log:
 CPUs: 16 total, 16 available
 Memory: 7917M
 Large Page Support: Disabled
 NUMA Support: Disabled
 Compressed Oops: Enabled (32-bit)
 Heap Region Size: 1M
 Heap Min Capacity: 64M
 Heap Initial Capacity: 64M
 Heap Max Capacity: 64M
 Pre-touch: Disabled
 Parallel Workers: 13
 Concurrent Workers: 3
 Concurrent Refinement Workers: 13
 Periodic GC: Disabled

Heap:
 garbage-first heap   total 65536K, used 20049K [0x00000000fc000000, 0x0000000100000000)
  region size 1024K, 15 young (15360K), 5 survivors (5120K)
 Metaspace       used 9682K, committed 9856K, reserved 1114112K
  class space    used 1252K, committed 1344K, reserved 1048576K

Heap Regions: E=young(eden), S=young(survivor), O=old, HS=humongous(starts), HC=humongous(continues), CS=collection set, F=free, OA=open archive, CA=closed archive, TAMS=top-at-mark-start (previous, next)
|   0|0x00000000fc000000, 0x00000000fc100000, 0x00000000fc100000|100%|HS|  |TAMS 0x00000000fc000000, 0x00000000fc000000| Complete 
|   1|0x00000000fc100000, 0x00000000fc200000, 0x00000000fc200000|100%|HC|  |TAMS 0x00000000fc100000, 0x00000000fc100000| Complete 
|   2|0x00000000fc200000, 0x00000000fc300000, 0x00000000fc300000|100%|HC|  |TAMS 0x00000000fc200000, 0x00000000fc200000| Complete 
|   3|0x00000000fc300000, 0x00000000fc400000, 0x00000000fc400000|100%| O|  |TAMS 0x00000000fc300000, 0x00000000fc300000| Untracked 
|   4|0x00000000fc400000, 0x00000000fc500000, 0x00000000fc500000|100%| O|  |TAMS 0x00000000fc400000, 0x00000000fc400000| Untracked 
|   5|0x00000000fc500000, 0x00000000fc594600, 0x00000000fc600000| 57%| O|  |TAMS 0x00000000fc500000, 0x00000000fc500000| Untracked 
|   6|0x00000000fc600000, 0x00000000fc600000, 0x00000000fc700000|  0%| F|  |TAMS 0x00000000fc600000, 0x00000000fc600000| Untracked 
|   7|0x00000000fc700000, 0x00000000fc700000, 0x00000000fc800000|  0%| F|  |TAMS 0x00000000fc700000, 0x00000000fc700000| Untracked 
|   8|0x00000000fc800000, 0x00000000fc800000, 0x00000000fc900000|  0%| F|  |TAMS 0x00000000fc800000, 0x00000000fc800000| Untracked 
|   9|0x00000000fc900000, 0x00000000fc900000, 0x00000000fca00000|  0%| F|  |TAMS 0x00000000fc900000, 0x00000000fc900000| Untracked 
|  10|0x00000000fca00000, 0x00000000fca00000, 0x00000000fcb00000|  0%| F|  |TAMS 0x00000000fca00000, 0x00000000fca00000| Untracked 
|  11|0x00000000fcb00000, 0x00000000fcb00000, 0x00000000fcc00000|  0%| F|  |TAMS 0x00000000fcb00000, 0x00000000fcb00000| Untracked 
|  12|0x00000000fcc00000, 0x00000000fcc00000, 0x00000000fcd00000|  0%| F|  |TAMS 0x00000000fcc00000, 0x00000000fcc00000| Untracked 
|  13|0x00000000fcd00000, 0x00000000fcd00000, 0x00000000fce00000|  0%| F|  |TAMS 0x00000000fcd00000, 0x00000000fcd00000| Untracked 
|  14|0x00000000fce00000, 0x00000000fce00000, 0x00000000fcf00000|  0%| F|  |TAMS 0x00000000fce00000, 0x00000000fce00000| Untracked 
|  15|0x00000000fcf00000, 0x00000000fcf00000, 0x00000000fd000000|  0%| F|  |TAMS 0x00000000fcf00000, 0x00000000fcf00000| Untracked 
|  16|0x00000000fd000000, 0x00000000fd000000, 0x00000000fd100000|  0%| F|  |TAMS 0x00000000fd000000, 0x00000000fd000000| Untracked 
|  17|0x00000000fd100000, 0x00000000fd100000, 0x00000000fd200000|  0%| F|  |TAMS 0x00000000fd100000, 0x00000000fd100000| Untracked 
|  18|0x00000000fd200000, 0x00000000fd200000, 0x00000000fd300000|  0%| F|  |TAMS 0x00000000fd200000, 0x00000000fd200000| Untracked 
|  19|0x00000000fd300000, 0x00000000fd300000, 0x00000000fd400000|  0%| F|  |TAMS 0x00000000fd300000, 0x00000000fd300000| Untracked 
|  20|0x00000000fd400000, 0x00000000fd400000, 0x00000000fd500000|  0%| F|  |TAMS 0x00000000fd400000, 0x00000000fd400000| Untracked 
|  21|0x00000000fd500000, 0x00000000fd500000, 0x00000000fd600000|  0%| F|  |TAMS 0x00000000fd500000, 0x00000000fd500000| Untracked 
|  22|0x00000000fd600000, 0x00000000fd600000, 0x00000000fd700000|  0%| F|  |TAMS 0x00000000fd600000, 0x00000000fd600000| Untracked 
|  23|0x00000000fd700000, 0x00000000fd700000, 0x00000000fd800000|  0%| F|  |TAMS 0x00000000fd700000, 0x00000000fd700000| Untracked 
|  24|0x00000000fd800000, 0x00000000fd800000, 0x00000000fd900000|  0%| F|  |TAMS 0x00000000fd800000, 0x00000000fd800000| Untracked 
|  25|0x00000000fd900000, 0x00000000fd900000, 0x00000000fda00000|  0%| F|  |TAMS 0x00000000fd900000, 0x00000000fd900000| Untracked 
|  26|0x00000000fda00000, 0x00000000fdb00000, 0x00000000fdb00000|100%| S|CS|TAMS 0x00000000fda00000, 0x00000000fda00000| Complete 
|  27|0x00000000fdb00000, 0x00000000fdc00000, 0x00000000fdc00000|100%| S|CS|TAMS 0x00000000fdb00000, 0x00000000fdb00000| Complete 
|  28|0x00000000fdc00000, 0x00000000fdd00000, 0x00000000fdd00000|100%| S|CS|TAMS 0x00000000fdc00000, 0x00000000fdc00000| Complete 
|  29|0x00000000fdd00000, 0x00000000fde00000, 0x00000000fde00000|100%| S|CS|TAMS 0x00000000fdd00000, 0x00000000fdd00000| Complete 
|  30|0x00000000fde00000, 0x00000000fdf00000, 0x00000000fdf00000|100%| S|CS|TAMS 0x00000000fde00000, 0x00000000fde00000| Complete 
|  31|0x00000000fdf00000, 0x00000000fdf00000, 0x00000000fe000000|  0%| F|  |TAMS 0x00000000fdf00000, 0x00000000fdf00000| Untracked 
|  32|0x00000000fe000000, 0x00000000fe000000, 0x00000000fe100000|  0%| F|  |TAMS 0x00000000fe000000, 0x00000000fe000000| Untracked 
|  33|0x00000000fe100000, 0x00000000fe100000, 0x00000000fe200000|  0%| F|  |TAMS 0x00000000fe100000, 0x00000000fe100000| Untracked 
|  34|0x00000000fe200000, 0x00000000fe200000, 0x00000000fe300000|  0%| F|  |TAMS 0x00000000fe200000, 0x00000000fe200000| Untracked 
|  35|0x00000000fe300000, 0x00000000fe300000, 0x00000000fe400000|  0%| F|  |TAMS 0x00000000fe300000, 0x00000000fe300000| Untracked 
|  36|0x00000000fe400000, 0x00000000fe400000, 0x00000000fe500000|  0%| F|  |TAMS 0x00000000fe400000, 0x00000000fe400000| Untracked 
|  37|0x00000000fe500000, 0x00000000fe500000, 0x00000000fe600000|  0%| F|  |TAMS 0x00000000fe500000, 0x00000000fe500000| Untracked 
|  38|0x00000000fe600000, 0x00000000fe600000, 0x00000000fe700000|  0%| F|  |TAMS 0x00000000fe600000, 0x00000000fe600000| Untracked 
|  39|0x00000000fe700000, 0x00000000fe700000, 0x00000000fe800000|  0%| F|  |TAMS 0x00000000fe700000, 0x00000000fe700000| Untracked 
|  40|0x00000000fe800000, 0x00000000fe800000, 0x00000000fe900000|  0%| F|  |TAMS 0x00000000fe800000, 0x00000000fe800000| Untracked 
|  41|0x00000000fe900000, 0x00000000fe900000, 0x00000000fea00000|  0%| F|  |TAMS 0x00000000fe900000, 0x00000000fe900000| Untracked 
|  42|0x00000000fea00000, 0x00000000fea00000, 0x00000000feb00000|  0%| F|  |TAMS 0x00000000fea00000, 0x00000000fea00000| Untracked 
|  43|0x00000000feb00000, 0x00000000feb00000, 0x00000000fec00000|  0%| F|  |TAMS 0x00000000feb00000, 0x00000000feb00000| Untracked 
|  44|0x00000000fec00000, 0x00000000fec00000, 0x00000000fed00000|  0%| F|  |TAMS 0x00000000fec00000, 0x00000000fec00000| Untracked 
|  45|0x00000000fed00000, 0x00000000fed00000, 0x00000000fee00000|  0%| F|  |TAMS 0x00000000fed00000, 0x00000000fed00000| Untracked 
|  46|0x00000000fee00000, 0x00000000fee00000, 0x00000000fef00000|  0%| F|  |TAMS 0x00000000fee00000, 0x00000000fee00000| Untracked 
|  47|0x00000000fef00000, 0x00000000fef00000, 0x00000000ff000000|  0%| F|  |TAMS 0x00000000fef00000, 0x00000000fef00000| Untracked 
|  48|0x00000000ff000000, 0x00000000ff000000, 0x00000000ff100000|  0%| F|  |TAMS 0x00000000ff000000, 0x00000000ff000000| Untracked 
|  49|0x00000000ff100000, 0x00000000ff100000, 0x00000000ff200000|  0%| F|  |TAMS 0x00000000ff100000, 0x00000000ff100000| Untracked 
|  50|0x00000000ff200000, 0x00000000ff200000, 0x00000000ff300000|  0%| F|  |TAMS 0x00000000ff200000, 0x00000000ff200000| Untracked 
|  51|0x00000000ff300000, 0x00000000ff300000, 0x00000000ff400000|  0%| F|  |TAMS 0x00000000ff300000, 0x00000000ff300000| Untracked 
|  52|0x00000000ff400000, 0x00000000ff400000, 0x00000000ff500000|  0%| F|  |TAMS 0x00000000ff400000, 0x00000000ff400000| Untracked 
|  53|0x00000000ff500000, 0x00000000ff500000, 0x00000000ff600000|  0%| F|  |TAMS 0x00000000ff500000, 0x00000000ff500000| Untracked 
|  54|0x00000000ff600000, 0x00000000ff6e1170, 0x00000000ff700000| 87%| E|  |TAMS 0x00000000ff600000, 0x00000000ff600000| Complete 
|  55|0x00000000ff700000, 0x00000000ff800000, 0x00000000ff800000|100%| E|CS|TAMS 0x00000000ff700000, 0x00000000ff700000| Complete 
|  56|0x00000000ff800000, 0x00000000ff900000, 0x00000000ff900000|100%| E|CS|TAMS 0x00000000ff800000, 0x00000000ff800000| Complete 
|  57|0x00000000ff900000, 0x00000000ffa00000, 0x00000000ffa00000|100%| E|CS|TAMS 0x00000000ff900000, 0x00000000ff900000| Complete 
|  58|0x00000000ffa00000, 0x00000000ffb00000, 0x00000000ffb00000|100%| E|CS|TAMS 0x00000000ffa00000, 0x00000000ffa00000| Complete 
|  59|0x00000000ffb00000, 0x00000000ffc00000, 0x00000000ffc00000|100%| E|CS|TAMS 0x00000000ffb00000, 0x00000000ffb00000| Complete 
|  60|0x00000000ffc00000, 0x00000000ffd00000, 0x00000000ffd00000|100%| E|CS|TAMS 0x00000000ffc00000, 0x00000000ffc00000| Complete 
|  61|0x00000000ffd00000, 0x00000000ffe00000, 0x00000000ffe00000|100%| E|CS|TAMS 0x00000000ffd00000, 0x00000000ffd00000| Complete 
|  62|0x00000000ffe00000, 0x00000000fff00000, 0x00000000fff00000|100%| E|CS|TAMS 0x00000000ffe00000, 0x00000000ffe00000| Complete 
|  63|0x00000000fff00000, 0x0000000100000000, 0x0000000100000000|100%| E|CS|TAMS 0x00000000fff00000, 0x00000000fff00000| Complete 

Card table byte_map: [0x00000217d0870000,0x00000217d0890000] _byte_map_base: 0x00000217d0090000

Marking Bits (Prev, Next): (CMBitMap*) 0x00000217d098de50, (CMBitMap*) 0x00000217d098de90
 Prev Bits: [0x00000217e7d70000, 0x00000217e7e70000)
 Next Bits: [0x00000217e7e70000, 0x00000217e7f70000)

Polling page: 0x00000217cea20000

Metaspace:

Usage:
  Non-class:      8.23 MB used.
      Class:      1.22 MB used.
       Both:      9.46 MB used.

Virtual space:
  Non-class space:       64.00 MB reserved,       8.31 MB ( 13%) committed,  1 nodes.
      Class space:        1.00 GB reserved,       1.31 MB ( <1%) committed,  1 nodes.
             Both:        1.06 GB reserved,       9.62 MB ( <1%) committed. 

Chunk freelists:
   Non-Class:  7.64 MB
       Class:  14.51 MB
        Both:  22.15 MB

MaxMetaspaceSize: unlimited
CompressedClassSpaceSize: 1.00 GB
Initial GC threshold: 21.00 MB
Current GC threshold: 21.00 MB
CDS: on
MetaspaceReclaimPolicy: balanced
 - commit_granule_bytes: 65536.
 - commit_granule_words: 8192.
 - virtual_space_node_default_size: 8388608.
 - enlarge_chunks_in_place: 1.
 - new_chunks_are_fully_committed: 0.
 - uncommit_free_chunks: 1.
 - use_allocation_guard: 0.
 - handle_deallocations: 1.


Internal statistics:

num_allocs_failed_limit: 0.
num_arena_births: 72.
num_arena_deaths: 0.
num_vsnodes_births: 2.
num_vsnodes_deaths: 0.
num_space_committed: 154.
num_space_uncommitted: 0.
num_chunks_returned_to_freelist: 0.
num_chunks_taken_from_freelist: 329.
num_chunk_merges: 0.
num_chunk_splits: 214.
num_chunks_enlarged: 183.
num_inconsistent_stats: 0.

CodeHeap 'non-profiled nmethods': size=119168Kb used=819Kb max_used=819Kb free=118348Kb
 bounds [0x00000217e0080000, 0x00000217e02f0000, 0x00000217e74e0000]
CodeHeap 'profiled nmethods': size=119104Kb used=3776Kb max_used=3776Kb free=115327Kb
 bounds [0x00000217d84e0000, 0x00000217d88a0000, 0x00000217df930000]
CodeHeap 'non-nmethods': size=7488Kb used=1171Kb max_used=2876Kb free=6316Kb
 bounds [0x00000217df930000, 0x00000217dfc10000, 0x00000217e0080000]
 total_blobs=2479 nmethods=2013 adapters=378
 compilation: enabled
              stopped_count=0, restarted_count=0
 full_count=0

Compilation events (20 events):
Event: 43.521 Thread 0x00000217eae93b90 nmethod 1982 0x00000217e0141610 code [0x00000217e0141820, 0x00000217e0141e10]
Event: 44.510 Thread 0x00000217eae96170 1983       3       org.gradle.internal.logging.sink.GroupingProgressLogEventGenerator$OperationGroup::canClaimForeground (35 bytes)
Event: 44.513 Thread 0x00000217eae96170 nmethod 1983 0x00000217d8886a10 code [0x00000217d8886be0, 0x00000217d8886f58]
Event: 44.513 Thread 0x00000217eae96170 1984       1       org.gradle.internal.logging.sink.GroupingProgressLogEventGenerator::access$300 (5 bytes)
Event: 44.514 Thread 0x00000217eae96170 nmethod 1984 0x00000217e0142410 code [0x00000217e01425a0, 0x00000217e0142658]
Event: 44.808 Thread 0x00000217eae96170 1985       3       org.gradle.internal.logging.sink.GroupingProgressLogEventGenerator$OperationGroup::maybeFlushOutput (34 bytes)
Event: 44.809 Thread 0x00000217eae96170 nmethod 1985 0x00000217d8887110 code [0x00000217d8887320, 0x00000217d8887a08]
Event: 46.068 Thread 0x00000217eae96170 1986       3       java.util.concurrent.locks.AbstractQueuedSynchronizer$ConditionNode::<init> (5 bytes)
Event: 46.068 Thread 0x00000217eae96170 nmethod 1986 0x00000217d8887c90 code [0x00000217d8887e40, 0x00000217d8887ff8]
Event: 46.068 Thread 0x00000217eae96170 1987       3       java.util.concurrent.locks.AbstractQueuedSynchronizer$Node::<init> (5 bytes)
Event: 46.068 Thread 0x00000217eae96170 nmethod 1987 0x00000217d8888110 code [0x00000217d88882c0, 0x00000217d8888418]
Event: 46.068 Thread 0x00000217eae96170 1988       3       java.util.concurrent.locks.AbstractQueuedSynchronizer$ConditionObject::enableWait (84 bytes)
Event: 46.069 Thread 0x00000217eae96170 nmethod 1988 0x00000217d8888510 code [0x00000217d8888740, 0x00000217d8888e88]
Event: 46.069 Thread 0x00000217eae96170 1989       3       java.util.concurrent.locks.AbstractQueuedSynchronizer$Node::setStatusRelaxed (12 bytes)
Event: 46.072 Thread 0x00000217eae96170 nmethod 1989 0x00000217d8889110 code [0x00000217d88892a0, 0x00000217d88893b8]
Event: 48.581 Thread 0x00000217eae93b90 1990       4       java.lang.AbstractStringBuilder::putStringAt (12 bytes)
Event: 48.584 Thread 0x00000217eae93b90 nmethod 1990 0x00000217e0142710 code [0x00000217e01428a0, 0x00000217e0142a88]
Event: 48.584 Thread 0x00000217eae93b90 1991       4       java.lang.AbstractStringBuilder::putStringAt (34 bytes)
Event: 48.597 Thread 0x00000217eae93b90 nmethod 1991 0x00000217e0142c90 code [0x00000217e0142e20, 0x00000217e0143028]
Event: 49.766 Thread 0x00000217eae93b90 1993       4       java.lang.AbstractStringBuilder::insert (54 bytes)

GC Heap History (4 events):
Event: 0.367 GC heap before
{Heap before GC invocations=0 (full 0):
 garbage-first heap   total 65536K, used 23552K [0x00000000fc000000, 0x0000000100000000)
  region size 1024K, 23 young (23552K), 0 survivors (0K)
 Metaspace       used 1710K, committed 1856K, reserved 1114112K
  class space    used 157K, committed 192K, reserved 1048576K
}
Event: 0.370 GC heap after
{Heap after GC invocations=1 (full 0):
 garbage-first heap   total 65536K, used 1856K [0x00000000fc000000, 0x0000000100000000)
  region size 1024K, 2 young (2048K), 2 survivors (2048K)
 Metaspace       used 1710K, committed 1856K, reserved 1114112K
  class space    used 157K, committed 192K, reserved 1048576K
}
Event: 0.980 GC heap before
{Heap before GC invocations=1 (full 0):
 garbage-first heap   total 65536K, used 36672K [0x00000000fc000000, 0x0000000100000000)
  region size 1024K, 33 young (33792K), 2 survivors (2048K)
 Metaspace       used 7616K, committed 7744K, reserved 1114112K
  class space    used 1028K, committed 1088K, reserved 1048576K
}
Event: 0.984 GC heap after
{Heap after GC invocations=2 (full 0):
 garbage-first heap   total 65536K, used 10833K [0x00000000fc000000, 0x0000000100000000)
  region size 1024K, 5 young (5120K), 5 survivors (5120K)
 Metaspace       used 7616K, committed 7744K, reserved 1114112K
  class space    used 1028K, committed 1088K, reserved 1048576K
}

Dll operation events (13 events):
Event: 0.005 Loaded shared library C:\Program Files\Microsoft\jdk-17.0.18.8-hotspot\bin\java.dll
Event: 0.018 Loaded shared library C:\Program Files\Microsoft\jdk-17.0.18.8-hotspot\bin\jsvml.dll
Event: 0.035 Loaded shared library C:\Program Files\Microsoft\jdk-17.0.18.8-hotspot\bin\net.dll
Event: 0.040 Loaded shared library C:\Program Files\Microsoft\jdk-17.0.18.8-hotspot\bin\nio.dll
Event: 0.043 Loaded shared library C:\Program Files\Microsoft\jdk-17.0.18.8-hotspot\bin\zip.dll
Event: 0.372 Loaded shared library C:\Program Files\Microsoft\jdk-17.0.18.8-hotspot\bin\jimage.dll
Event: 0.681 Loaded shared library C:\Program Files\Microsoft\jdk-17.0.18.8-hotspot\bin\management.dll
Event: 0.685 Loaded shared library C:\Program Files\Microsoft\jdk-17.0.18.8-hotspot\bin\management_ext.dll
Event: 0.715 Loaded shared library C:\Program Files\Microsoft\jdk-17.0.18.8-hotspot\bin\verify.dll
Event: 0.720 Loaded shared library C:\Users\miran\.gradle\native\1def1411415f61bf3af743bc5b6707747c0891f09f0c88961ee8f79bc544acac\windows-amd64\native-platform.dll
Event: 0.749 Loaded shared library C:\Users\miran\.gradle\native\jansi\1.18\windows64\jansi.dll
Event: 0.932 Loaded shared library C:\Program Files\Microsoft\jdk-17.0.18.8-hotspot\bin\extnet.dll
Event: 1.067 Loaded shared library C:\Program Files\Microsoft\jdk-17.0.18.8-hotspot\bin\sunmscapi.dll

Deoptimization events (20 events):
Event: 15.966 Thread 0x00000217efb49d20 DEOPT PACKING pc=0x00000217e0136f70 sp=0x000000d23b4fe1f0
Event: 15.966 Thread 0x00000217efb49d20 DEOPT UNPACKING pc=0x00000217df9869a3 sp=0x000000d23b4fe0d0 mode 2
Event: 15.966 Thread 0x00000217efb49d20 Uncommon trap: trap_request=0xffffff45 fr.pc=0x00000217e0124af4 relative=0x00000000000003d4
Event: 15.966 Thread 0x00000217efb49d20 Uncommon trap: reason=unstable_if action=reinterpret pc=0x00000217e0124af4 method=java.lang.AbstractStringBuilder.isLatin1()Z @ 10 c2
Event: 15.966 Thread 0x00000217efb49d20 DEOPT PACKING pc=0x00000217e0124af4 sp=0x000000d23b4fe550
Event: 15.966 Thread 0x00000217efb49d20 DEOPT UNPACKING pc=0x00000217df9869a3 sp=0x000000d23b4fe4d0 mode 2
Event: 15.966 Thread 0x00000217efb49d20 Uncommon trap: trap_request=0xffffff45 fr.pc=0x00000217e009e8fc relative=0x000000000000025c
Event: 15.966 Thread 0x00000217efb49d20 Uncommon trap: reason=unstable_if action=reinterpret pc=0x00000217e009e8fc method=java.lang.String.getChars(II[CI)V @ 23 c2
Event: 15.966 Thread 0x00000217efb49d20 DEOPT PACKING pc=0x00000217e009e8fc sp=0x000000d23b4fe400
Event: 15.966 Thread 0x00000217efb49d20 DEOPT UNPACKING pc=0x00000217df9869a3 sp=0x000000d23b4fe3c0 mode 2
Event: 15.966 Thread 0x00000217efb49d20 Uncommon trap: trap_request=0xffffff45 fr.pc=0x00000217e00cf2cc relative=0x000000000000012c
Event: 15.966 Thread 0x00000217efb49d20 Uncommon trap: reason=unstable_if action=reinterpret pc=0x00000217e00cf2cc method=java.lang.AbstractStringBuilder.putStringAt(ILjava/lang/String;II)V @ 8 c2
Event: 15.966 Thread 0x00000217efb49d20 DEOPT PACKING pc=0x00000217e00cf2cc sp=0x000000d23b4fe170
Event: 15.966 Thread 0x00000217efb49d20 DEOPT UNPACKING pc=0x00000217df9869a3 sp=0x000000d23b4fe0b8 mode 2
Event: 41.087 Thread 0x00000217d09694e0 DEOPT PACKING pc=0x00000217d886b8f2 sp=0x000000d2399fcb70
Event: 41.088 Thread 0x00000217d09694e0 DEOPT UNPACKING pc=0x00000217df987143 sp=0x000000d2399fbfe0 mode 0
Event: 44.130 Thread 0x00000217efb49d20 Uncommon trap: trap_request=0xffffff45 fr.pc=0x00000217e0141c10 relative=0x00000000000003f0
Event: 44.130 Thread 0x00000217efb49d20 Uncommon trap: reason=unstable_if action=reinterpret pc=0x00000217e0141c10 method=org.gradle.internal.logging.sink.GroupingProgressLogEventGenerator$OperationGroup.maybeFlushOutput(J)V @ 8 c2
Event: 44.131 Thread 0x00000217efb49d20 DEOPT PACKING pc=0x00000217e0141c10 sp=0x000000d23b4fecd0
Event: 44.131 Thread 0x00000217efb49d20 DEOPT UNPACKING pc=0x00000217df9869a3 sp=0x000000d23b4fec88 mode 2

Classes loaded (20 events):
Event: 1.542 Loading class jdk/internal/logger/LoggerFinderLoader
Event: 1.542 Loading class jdk/internal/logger/LoggerFinderLoader done
Event: 1.543 Loading class jdk/internal/logger/LoggerFinderLoader$TemporaryLoggerFinder
Event: 1.543 Loading class jdk/internal/logger/LoggerFinderLoader$TemporaryLoggerFinder done
Event: 1.543 Loading class sun/util/logging/internal/LoggingProviderImpl$JULWrapper
Event: 1.543 Loading class sun/util/logging/PlatformLogger$ConfigurableBridge$LoggerConfiguration
Event: 1.543 Loading class sun/util/logging/PlatformLogger$ConfigurableBridge$LoggerConfiguration done
Event: 1.543 Loading class sun/util/logging/internal/LoggingProviderImpl$JULWrapper done
Event: 1.543 Loading class java/io/ObjectInputFilter
Event: 1.543 Loading class java/io/ObjectInputFilter done
Event: 1.544 Loading class java/io/ObjectInputFilter$Config$BuiltinFilterFactory
Event: 1.544 Loading class java/io/ObjectInputFilter$Config$BuiltinFilterFactory done
Event: 1.544 Loading class jdk/internal/access/JavaObjectInputFilterAccess
Event: 1.544 Loading class jdk/internal/access/JavaObjectInputFilterAccess done
Event: 1.544 Loading class java/lang/System$Logger$Level
Event: 1.544 Loading class java/lang/System$Logger$Level done
Event: 1.544 Loading class java/io/Bits
Event: 1.544 Loading class java/io/Bits done
Event: 3.967 Loading class java/util/ArrayList$ListItr
Event: 3.967 Loading class java/util/ArrayList$ListItr done

Classes unloaded (0 events):
No events

Classes redefined (0 events):
No events

Internal exceptions (19 events):
Event: 0.129 Thread 0x00000217d09694e0 Exception <a 'java/lang/NoSuchMethodError'{0x00000000ffb5ed48}: 'int java.lang.invoke.DirectMethodHandle$Holder.invokeStaticInit(java.lang.Object, java.lang.Object)'> (0x00000000ffb5ed48) 
thrown [s\src\hotspot\share\interpreter\linkResolver.cpp, line 759]
Event: 0.611 Thread 0x00000217d09694e0 Exception <a 'java/lang/NoSuchMethodError'{0x00000000ff3e6c48}: 'int java.lang.invoke.DirectMethodHandle$Holder.invokeStatic(java.lang.Object, java.lang.Object, int)'> (0x00000000ff3e6c48) 
thrown [s\src\hotspot\share\interpreter\linkResolver.cpp, line 759]
Event: 0.679 Thread 0x00000217d09694e0 Exception <a 'java/lang/NoSuchMethodError'{0x00000000fef95790}: 'java.lang.Object java.lang.invoke.DirectMethodHandle$Holder.invokeStaticInit(java.lang.Object)'> (0x00000000fef95790) 
thrown [s\src\hotspot\share\interpreter\linkResolver.cpp, line 759]
Event: 0.693 Thread 0x00000217d09694e0 Exception <a 'java/lang/NoSuchMethodError'{0x00000000fefb0480}: 'int java.lang.invoke.DirectMethodHandle$Holder.invokeSpecial(java.lang.Object, java.lang.Object, java.lang.Object)'> (0x00000000fefb0480) 
thrown [s\src\hotspot\share\interpreter\linkResolver.cpp, line 759]
Event: 0.698 Thread 0x00000217d09694e0 Exception <a 'java/lang/NoSuchMethodError'{0x00000000fefed320}: 'void java.lang.invoke.DirectMethodHandle$Holder.invokeStatic(java.lang.Object, java.lang.Object)'> (0x00000000fefed320) 
thrown [s\src\hotspot\share\interpreter\linkResolver.cpp, line 759]
Event: 0.699 Thread 0x00000217d09694e0 Implicit null exception at 0x00000217e00e948f to 0x00000217e00e99d0
Event: 0.728 Thread 0x00000217d09694e0 Exception <a 'java/lang/NoSuchMethodError'{0x00000000fed9c830}: 'java.lang.Object java.lang.invoke.Invokers$Holder.invoker(java.lang.Object, java.lang.Object, java.lang.Object)'> (0x00000000fed9c830) 
thrown [s\src\hotspot\share\interpreter\linkResolver.cpp, line 759]
Event: 0.729 Thread 0x00000217d09694e0 Exception <a 'java/lang/NoSuchMethodError'{0x00000000feda5988}: 'java.lang.Object java.lang.invoke.DirectMethodHandle$Holder.invokeStatic(java.lang.Object, java.lang.Object, int)'> (0x00000000feda5988) 
thrown [s\src\hotspot\share\interpreter\linkResolver.cpp, line 759]
Event: 0.729 Thread 0x00000217d09694e0 Exception <a 'java/lang/NoSuchMethodError'{0x00000000fedb1678}: 'void java.lang.invoke.DelegatingMethodHandle$Holder.delegate(java.lang.Object, java.lang.Object, int, java.lang.Object)'> (0x00000000fedb1678) 
thrown [s\src\hotspot\share\interpreter\linkResolver.cpp, line 759]
Event: 0.732 Thread 0x00000217d09694e0 Exception <a 'java/lang/NoSuchMethodError'{0x00000000fedc4cc0}: 'java.lang.Object java.lang.invoke.Invokers$Holder.invokeExact_MT(java.lang.Object, java.lang.Object, java.lang.Object, java.lang.Object)'> (0x00000000fedc4cc0) 
thrown [s\src\hotspot\share\interpreter\linkResolver.cpp, line 759]
Event: 0.737 Thread 0x00000217d09694e0 Exception <a 'java/lang/NoSuchMethodError'{0x00000000fedf2460}: 'java.lang.Object java.lang.invoke.DirectMethodHandle$Holder.invokeVirtual(java.lang.Object, java.lang.Object, java.lang.Object)'> (0x00000000fedf2460) 
thrown [s\src\hotspot\share\interpreter\linkResolver.cpp, line 759]
Event: 0.789 Thread 0x00000217d09694e0 Exception <a 'java/lang/NoSuchMethodError'{0x00000000fe9aadc8}: 'java.lang.Object java.lang.invoke.DirectMethodHandle$Holder.newInvokeSpecial(java.lang.Object, java.lang.Object, java.lang.Object, java.lang.Object, java.lang.Object)'> (0x00000000fe9aadc8) 
thrown [s\src\hotspot\share\interpreter\linkResolver.cpp, line 759]
Event: 0.804 Thread 0x00000217d09694e0 Exception <a 'java/lang/NoSuchMethodError'{0x00000000fe6de890}: 'void java.lang.invoke.DirectMethodHandle$Holder.invokeSpecial(java.lang.Object, java.lang.Object, java.lang.Object)'> (0x00000000fe6de890) 
thrown [s\src\hotspot\share\interpreter\linkResolver.cpp, line 759]
Event: 0.804 Thread 0x00000217d09694e0 Implicit null exception at 0x00000217e00d150f to 0x00000217e00d1a4c
Event: 0.934 Thread 0x00000217d09694e0 Exception <a 'java/lang/NoSuchMethodError'{0x00000000fe4f35c0}: 'void java.lang.invoke.DirectMethodHandle$Holder.invokeStatic(java.lang.Object, java.lang.Object, java.lang.Object)'> (0x00000000fe4f35c0) 
thrown [s\src\hotspot\share\interpreter\linkResolver.cpp, line 759]
Event: 0.991 Thread 0x00000217d09694e0 Exception <a 'java/lang/NoSuchMethodError'{0x00000000fff81b60}: 'java.lang.Object java.lang.invoke.DirectMethodHandle$Holder.invokeStaticInit(java.lang.Object, int, int, int, int)'> (0x00000000fff81b60) 
thrown [s\src\hotspot\share\interpreter\linkResolver.cpp, line 759]
Event: 1.017 Thread 0x00000217d09694e0 Exception <a 'java/lang/NoSuchMethodError'{0x00000000fffc2cf8}: 'java.lang.Object java.lang.invoke.DirectMethodHandle$Holder.invokeStaticInit(java.lang.Object, java.lang.Object, int, int, int, int)'> (0x00000000fffc2cf8) 
thrown [s\src\hotspot\share\interpreter\linkResolver.cpp, line 759]
Event: 1.030 Thread 0x00000217d09694e0 Implicit null exception at 0x00000217e00cf6d5 to 0x00000217e00cfc94
Event: 1.031 Thread 0x00000217d09694e0 Implicit null exception at 0x00000217e00d74d2 to 0x00000217e00d7a98

VM Operations (20 events):
Event: 29.907 Executing VM operation: Cleanup
Event: 29.907 Executing VM operation: Cleanup done
Event: 30.911 Executing VM operation: Cleanup
Event: 30.911 Executing VM operation: Cleanup done
Event: 31.924 Executing VM operation: Cleanup
Event: 31.924 Executing VM operation: Cleanup done
Event: 32.932 Executing VM operation: Cleanup
Event: 32.932 Executing VM operation: Cleanup done
Event: 34.934 Executing VM operation: Cleanup
Event: 34.934 Executing VM operation: Cleanup done
Event: 35.937 Executing VM operation: Cleanup
Event: 35.937 Executing VM operation: Cleanup done
Event: 37.959 Executing VM operation: Cleanup
Event: 37.959 Executing VM operation: Cleanup done
Event: 39.972 Executing VM operation: Cleanup
Event: 39.973 Executing VM operation: Cleanup done
Event: 42.995 Executing VM operation: Cleanup
Event: 42.995 Executing VM operation: Cleanup done
Event: 43.999 Executing VM operation: Cleanup
Event: 43.999 Executing VM operation: Cleanup done

Memory protections (0 events):
No events

Nmethod flushes (0 events):
No events

Events (20 events):
Event: 0.024 Thread 0x00000217d09694e0 Thread added: 0x00000217eaeabbb0
Event: 0.030 Thread 0x00000217eae96170 Thread added: 0x00000217ef098f90
Event: 0.030 Thread 0x00000217eae96170 Thread added: 0x00000217ef09a4c0
Event: 0.030 Thread 0x00000217eae96170 Thread added: 0x00000217ef09a9e0
Event: 0.031 Thread 0x00000217d09694e0 Thread added: 0x00000217ef0f3510
Event: 0.032 Thread 0x00000217d09694e0 Thread added: 0x00000217ef0f94f0
Event: 0.192 Thread 0x00000217eae93b90 Thread added: 0x00000217ef40b1f0
Event: 0.371 Thread 0x00000217eae93b90 Thread added: 0x00000217ef5597e0
Event: 0.763 Thread 0x00000217d09694e0 Thread added: 0x00000217efb49d20
Event: 0.934 Thread 0x00000217ef5597e0 Thread exited: 0x00000217ef5597e0
Event: 1.537 Thread 0x00000217ef40b1f0 Thread exited: 0x00000217ef40b1f0
Event: 1.767 Thread 0x00000217ef09a9e0 Thread exited: 0x00000217ef09a9e0
Event: 3.933 Thread 0x00000217ef09a4c0 Thread exited: 0x00000217ef09a4c0
Event: 5.337 Thread 0x00000217ef098f90 Thread exited: 0x00000217ef098f90
Event: 6.867 Thread 0x00000217eae96170 Thread added: 0x00000217ef098f90
Event: 7.525 Thread 0x00000217ef098f90 Thread added: 0x00000217f0b1fc30
Event: 7.525 Thread 0x00000217ef098f90 Thread added: 0x00000217f12cd580
Event: 8.372 Thread 0x00000217f12cd580 Thread exited: 0x00000217f12cd580
Event: 10.772 Thread 0x00000217f0b1fc30 Thread exited: 0x00000217f0b1fc30
Event: 12.269 Thread 0x00000217ef098f90 Thread exited: 0x00000217ef098f90


Dynamic libraries:
0x00007ff607d10000 - 0x00007ff607d1e000 	C:\Program Files\Microsoft\jdk-17.0.18.8-hotspot\bin\java.exe
0x00007ff9795e0000 - 0x00007ff979847000 	C:\WINDOWS\SYSTEM32\ntdll.dll
0x00007ff9780a0000 - 0x00007ff978169000 	C:\WINDOWS\System32\KERNEL32.DLL
0x00007ff9760d0000 - 0x00007ff9764c1000 	C:\WINDOWS\System32\KERNELBASE.dll
0x00007ff976e00000 - 0x00007ff976f4b000 	C:\WINDOWS\System32\ucrtbase.dll
0x00007ff93d690000 - 0x00007ff93d6a8000 	C:\Program Files\Microsoft\jdk-17.0.18.8-hotspot\bin\jli.dll
0x00007ff935df0000 - 0x00007ff935e0e000 	C:\Program Files\Microsoft\jdk-17.0.18.8-hotspot\bin\VCRUNTIME140.dll
0x00007ff9773d0000 - 0x00007ff977595000 	C:\WINDOWS\System32\USER32.dll
0x00007ff957660000 - 0x00007ff9578f3000 	C:\WINDOWS\WinSxS\amd64_microsoft.windows.common-controls_6595b64144ccf1df_6.0.26100.8037_none_3e092faae333b53b\COMCTL32.dll
0x00007ff9760a0000 - 0x00007ff9760c7000 	C:\WINDOWS\System32\win32u.dll
0x00007ff977860000 - 0x00007ff977909000 	C:\WINDOWS\System32\msvcrt.dll
0x00007ff9779a0000 - 0x00007ff9779cb000 	C:\WINDOWS\System32\GDI32.dll
0x00007ff975f70000 - 0x00007ff97609b000 	C:\WINDOWS\System32\gdi32full.dll
0x00007ff975ec0000 - 0x00007ff975f63000 	C:\WINDOWS\System32\msvcp_win.dll
0x00007ff978c20000 - 0x00007ff978c51000 	C:\WINDOWS\System32\IMM32.DLL
0x00007ff96baf0000 - 0x00007ff96bafc000 	C:\Program Files\Microsoft\jdk-17.0.18.8-hotspot\bin\vcruntime140_1.dll
0x00007ff926fc0000 - 0x00007ff927049000 	C:\Program Files\Microsoft\jdk-17.0.18.8-hotspot\bin\msvcp140.dll
0x00007ff8f1e40000 - 0x00007ff8f2aba000 	C:\Program Files\Microsoft\jdk-17.0.18.8-hotspot\bin\server\jvm.dll
0x00007ff977a80000 - 0x00007ff977b3b000 	C:\WINDOWS\System32\ADVAPI32.dll
0x00007ff9779d0000 - 0x00007ff977a77000 	C:\WINDOWS\System32\sechost.dll
0x00007ff978ac0000 - 0x00007ff978bd8000 	C:\WINDOWS\System32\RPCRT4.dll
0x00007ff978170000 - 0x00007ff9781e4000 	C:\WINDOWS\System32\WS2_32.dll
0x00007ff975270000 - 0x00007ff9752ce000 	C:\WINDOWS\SYSTEM32\POWRPROF.dll
0x00007ff95c350000 - 0x00007ff95c385000 	C:\WINDOWS\SYSTEM32\WINMM.dll
0x00007ff961050000 - 0x00007ff96105b000 	C:\WINDOWS\SYSTEM32\VERSION.dll
0x00007ff975250000 - 0x00007ff975264000 	C:\WINDOWS\SYSTEM32\UMPDC.dll
0x00007ff974c50000 - 0x00007ff974c6b000 	C:\WINDOWS\SYSTEM32\kernel.appcore.dll
0x00007ff96a880000 - 0x00007ff96a88a000 	C:\Program Files\Microsoft\jdk-17.0.18.8-hotspot\bin\jimage.dll
0x00007ff973e40000 - 0x00007ff974082000 	C:\WINDOWS\SYSTEM32\DBGHELP.DLL
0x00007ff978200000 - 0x00007ff978582000 	C:\WINDOWS\System32\combase.dll
0x00007ff9775a0000 - 0x00007ff977677000 	C:\WINDOWS\System32\OLEAUT32.dll
0x00007ff958ab0000 - 0x00007ff958aeb000 	C:\WINDOWS\SYSTEM32\dbgcore.DLL
0x00007ff976fe0000 - 0x00007ff977085000 	C:\WINDOWS\System32\bcryptPrimitives.dll
0x00007ff935a50000 - 0x00007ff935a76000 	C:\Program Files\Microsoft\jdk-17.0.18.8-hotspot\bin\java.dll
0x00007ff923080000 - 0x00007ff923156000 	C:\Program Files\Microsoft\jdk-17.0.18.8-hotspot\bin\jsvml.dll
0x00007ff978dd0000 - 0x00007ff97952f000 	C:\WINDOWS\System32\SHELL32.dll
0x00007ff977090000 - 0x00007ff9771fa000 	C:\WINDOWS\System32\wintypes.dll
0x00007ff976590000 - 0x00007ff976df4000 	C:\WINDOWS\System32\windows.storage.dll
0x00007ff977fa0000 - 0x00007ff978097000 	C:\WINDOWS\System32\SHCORE.dll
0x00007ff978c60000 - 0x00007ff978cc7000 	C:\WINDOWS\System32\shlwapi.dll
0x00007ff975de0000 - 0x00007ff975e09000 	C:\WINDOWS\SYSTEM32\profapi.dll
0x00007ff92a940000 - 0x00007ff92a95b000 	C:\Program Files\Microsoft\jdk-17.0.18.8-hotspot\bin\net.dll
0x00007ff96cb60000 - 0x00007ff96cc87000 	C:\WINDOWS\SYSTEM32\WINHTTP.dll
0x00007ff9752e0000 - 0x00007ff97534b000 	C:\WINDOWS\system32\mswsock.dll
0x00007ff929f50000 - 0x00007ff929f66000 	C:\Program Files\Microsoft\jdk-17.0.18.8-hotspot\bin\nio.dll
0x00007ff9294d0000 - 0x00007ff9294e8000 	C:\Program Files\Microsoft\jdk-17.0.18.8-hotspot\bin\zip.dll
0x00007ff969de0000 - 0x00007ff969dea000 	C:\Program Files\Microsoft\jdk-17.0.18.8-hotspot\bin\management.dll
0x00007ff9699a0000 - 0x00007ff9699ac000 	C:\Program Files\Microsoft\jdk-17.0.18.8-hotspot\bin\management_ext.dll
0x00007ff978c10000 - 0x00007ff978c18000 	C:\WINDOWS\System32\PSAPI.DLL
0x00007ff9691e0000 - 0x00007ff9691f0000 	C:\Program Files\Microsoft\jdk-17.0.18.8-hotspot\bin\verify.dll
0x00007ff9294a0000 - 0x00007ff9294c7000 	C:\Users\miran\.gradle\native\1def1411415f61bf3af743bc5b6707747c0891f09f0c88961ee8f79bc544acac\windows-amd64\native-platform.dll
0x00007ff96b3c0000 - 0x00007ff96b3ca000 	C:\Users\miran\.gradle\native\jansi\1.18\windows64\jansi.dll
0x00007ff9746b0000 - 0x00007ff9746e3000 	C:\WINDOWS\SYSTEM32\IPHLPAPI.DLL
0x00007ff9781f0000 - 0x00007ff9781fa000 	C:\WINDOWS\System32\NSI.dll
0x00007ff96d090000 - 0x00007ff96d0ad000 	C:\WINDOWS\SYSTEM32\dhcpcsvc6.DLL
0x00007ff96cff0000 - 0x00007ff96d013000 	C:\WINDOWS\SYSTEM32\dhcpcsvc.DLL
0x00007ff9746f0000 - 0x00007ff97481a000 	C:\WINDOWS\SYSTEM32\DNSAPI.dll
0x00007ff9615c0000 - 0x00007ff9615c9000 	C:\Program Files\Microsoft\jdk-17.0.18.8-hotspot\bin\extnet.dll
0x00007ff9755c0000 - 0x00007ff9755db000 	C:\WINDOWS\SYSTEM32\CRYPTSP.dll
0x00007ff974bb0000 - 0x00007ff974be9000 	C:\WINDOWS\system32\rsaenh.dll
0x00007ff975390000 - 0x00007ff9753c2000 	C:\WINDOWS\SYSTEM32\USERENV.dll
0x00007ff975db0000 - 0x00007ff975dda000 	C:\WINDOWS\SYSTEM32\bcrypt.dll
0x00007ff9755e0000 - 0x00007ff9755ec000 	C:\WINDOWS\SYSTEM32\CRYPTBASE.dll
0x00007ff95e9e0000 - 0x00007ff95e9ee000 	C:\Program Files\Microsoft\jdk-17.0.18.8-hotspot\bin\sunmscapi.dll
0x00007ff977200000 - 0x00007ff977377000 	C:\WINDOWS\System32\CRYPT32.dll
0x00007ff9757e0000 - 0x00007ff975810000 	C:\WINDOWS\SYSTEM32\ncrypt.dll
0x00007ff975790000 - 0x00007ff9757cf000 	C:\WINDOWS\SYSTEM32\NTASN1.dll
0x00007ff92c8d0000 - 0x00007ff92c8d8000 	C:\WINDOWS\system32\wshunix.dll

dbghelp: loaded successfully - version: 4.0.5 - missing functions: none
symbol engine: initialized successfully - sym options: 0x614 - pdb path: .;C:\Program Files\Microsoft\jdk-17.0.18.8-hotspot\bin;C:\WINDOWS\SYSTEM32;C:\WINDOWS\WinSxS\amd64_microsoft.windows.common-controls_6595b64144ccf1df_6.0.26100.8037_none_3e092faae333b53b;C:\Program Files\Microsoft\jdk-17.0.18.8-hotspot\bin\server;C:\Users\miran\.gradle\native\1def1411415f61bf3af743bc5b6707747c0891f09f0c88961ee8f79bc544acac\windows-amd64;C:\Users\miran\.gradle\native\jansi\1.18\windows64

VM Arguments:
jvm_args: -Xmx64m -Xms64m -Dorg.gradle.appname=gradlew 
java_command: C:\rtwsnfixed\rtwsn-locator-fixed\android\\gradle\wrapper\gradle-wrapper.jar assembleRelease
java_class_path (initial): C:\rtwsnfixed\rtwsn-locator-fixed\android\\gradle\wrapper\gradle-wrapper.jar
Launcher Type: SUN_STANDARD

[Global flags]
     intx CICompilerCount                          = 12                                        {product} {ergonomic}
     uint ConcGCThreads                            = 3                                         {product} {ergonomic}
     uint G1ConcRefinementThreads                  = 13                                        {product} {ergonomic}
   size_t G1HeapRegionSize                         = 1048576                                   {product} {ergonomic}
    uintx GCDrainStackTargetSize                   = 64                                        {product} {ergonomic}
   size_t InitialHeapSize                          = 67108864                                  {product} {command line}
   size_t MarkStackSize                            = 4194304                                   {product} {ergonomic}
   size_t MaxHeapSize                              = 67108864                                  {product} {command line}
   size_t MaxNewSize                               = 39845888                                  {product} {ergonomic}
   size_t MinHeapDeltaBytes                        = 1048576                                   {product} {ergonomic}
   size_t MinHeapSize                              = 67108864                                  {product} {command line}
    uintx NonNMethodCodeHeapSize                   = 7602480                                {pd product} {ergonomic}
    uintx NonProfiledCodeHeapSize                  = 122027880                              {pd product} {ergonomic}
    uintx ProfiledCodeHeapSize                     = 122027880                              {pd product} {ergonomic}
    uintx ReservedCodeCacheSize                    = 251658240                              {pd product} {ergonomic}
     bool SegmentedCodeCache                       = true                                      {product} {ergonomic}
   size_t SoftMaxHeapSize                          = 67108864                               {manageable} {ergonomic}
     bool UseCompressedClassPointers               = true                           {product lp64_product} {ergonomic}
     bool UseCompressedOops                        = true                           {product lp64_product} {ergonomic}
     bool UseG1GC                                  = true                                      {product} {ergonomic}
     bool UseLargePagesIndividualAllocation        = false                                  {pd product} {ergonomic}

Logging:
Log output configuration:
 #0: stdout all=warning uptime,level,tags
 #1: stderr all=off uptime,level,tags

Environment Variables:
PATH=C:\Program Files\Microsoft\jdk-17.0.18.8-hotspot\bin;C:\Windows\system32;C:\Windows;C:\Windows\System32\Wbem;C:\Windows\System32\WindowsPowerShell\v1.0\;C:\Windows\System32\OpenSSH\;C:\Program Files (x86)\NVIDIA Corporation\PhysX\Common;C:\WINDOWS\system32;C:\WINDOWS;C:\WINDOWS\System32\Wbem;C:\WINDOWS\System32\WindowsPowerShell\v1.0\;C:\WINDOWS\System32\OpenSSH\;C:\Program Files\NVIDIA Corporation\NVIDIA App\NvDLISR;c:\Users\miran\AppData\Local\Programs\cursor\resources\app\bin;C:\Program Files\Git\cmd;C:\Program Files\dotnet\;C:\Program Files\nodejs\;C:\MinGW\bin;C:\MinGW\bin\;C:\Users\miran\Downloads\ghdl-mcode-5.1.1-mingw64\bin;C:\Users\miran\Downloads\gtkwave-3.3.90-bin-win64\gtkwave64\bin;C:\WINDOWS\system32;C:\WINDOWS;C:\WINDOWS\System32\Wbem;C:\WINDOWS\System32\WindowsPowerShell\v1.0\;C:\WINDOWS\System32\OpenSSH\;C:\Program Files\MATLAB\R2024a\runtime\win64;C:\Program Files\MATLAB\R2024a\bin;C:\Program Files\Cloudflare\Cloudflare WARP\;C:\LDPlayer\LDPlayer9;C:\Users\miran\AppData\Local\Android\Sdk\platform-tools;C:\Users\miran\AppData\Local\Android\Sdk\cmdline-tools\latest\bin;C:\Users\miran\AppData\Local\Programs\Python\Python311\Scripts\;C:\Users\miran\AppData\Local\Programs\Python\Python311\;C:\Users\miran\.cargo\bin;C:\Program Files\MySQL\MySQL Shell 8.0\bin\;C:\Users\miran\AppData\Local\Microsoft\WindowsApps;C:\Users\miran\AppData\Local\Programs\Microsoft VS Code\bin;C:\Program Files\PostgreSQL\17\bin;C:\Program Files\MongoDB\Server\8.0\bin;C:\Users\miran\AppData\Roaming\npm;C:\MinGW\bin;C:\MinGW\bin\;C:\Users\miran\Downloads\ghdl-mcode-5.1.1-mingw64\bin;C:\Users\miran\Downloads\gtkwave-3.3.90-bin-win64\gtkwave64\bin;C:\Users\miran\AppData\Local\Programs\cursor\resources\app\bin;C:\Users\miran\AppData\Local\Programs\Windsurf\bin;C:\Users\miran\AppData\Local\Microsoft\WinGet\Links;C:\Users\miran\AppData\Local\Microsoft\WinGet\Packages\yt-dlp.FFmpeg_Microsoft.Winget.Source_8wekyb3d8bbwe\ffmpeg-N-121938-g2456a39581-win64-gpl/bin;C:\Users\miran\AppData\Local\Programs\Antigravity\bin;C:\Users\miran\AppData\Local\PowerToys\DSCModules\;C:\Users\miran\.lmstudio\bin;c:\Users\miran\.antigravity\extensions\vscjava.vscode-java-debug-0.58.5\bundled\scripts\noConfigScripts
USERNAME=miran
LANG=en_US.UTF-8
OS=Windows_NT
PROCESSOR_IDENTIFIER=Intel64 Family 6 Model 154 Stepping 3, GenuineIntel
TMP=C:\Users\miran\AppData\Local\Temp
TEMP=C:\Users\miran\AppData\Local\Temp



Periodic native trim disabled


---------------  S Y S T E M  ---------------

OS:
 Windows 11 , 64 bit Build 26100 (10.0.26100.7920)
OS uptime: 0 days 2:47 hours

CPU: total 16 (initial active 16) (8 cores per cpu, 2 threads per core) family 6 model 154 stepping 3 microcode 0x435, cx8, cmov, fxsr, ht, mmx, 3dnowpref, sse, sse2, sse3, ssse3, sse4.1, sse4.2, popcnt, lzcnt, tsc, tscinvbit, avx, avx2, aes, erms, clmul, bmi1, bmi2, adx, sha, fma, vzeroupper, clflush, clflushopt, clwb
Processor Information for processor 0
  Max Mhz: 2300, Current Mhz: 2300, Mhz Limit: 2300
Processor Information for processor 1
  Max Mhz: 2300, Current Mhz: 2300, Mhz Limit: 2300
Processor Information for processor 2
  Max Mhz: 2300, Current Mhz: 2300, Mhz Limit: 2300
Processor Information for processor 3
  Max Mhz: 2300, Current Mhz: 2300, Mhz Limit: 2300
Processor Information for processor 4
  Max Mhz: 2300, Current Mhz: 2300, Mhz Limit: 2300
Processor Information for processor 5
  Max Mhz: 2300, Current Mhz: 2300, Mhz Limit: 2300
Processor Information for processor 6
  Max Mhz: 2300, Current Mhz: 2300, Mhz Limit: 2300
Processor Information for processor 7
  Max Mhz: 2300, Current Mhz: 2300, Mhz Limit: 2300
Processor Information for processor 8
  Max Mhz: 2300, Current Mhz: 2300, Mhz Limit: 2300
Processor Information for processor 9
  Max Mhz: 2300, Current Mhz: 2300, Mhz Limit: 2300
Processor Information for processor 10
  Max Mhz: 2300, Current Mhz: 2300, Mhz Limit: 2300
Processor Information for processor 11
  Max Mhz: 2300, Current Mhz: 2300, Mhz Limit: 2300
Processor Information for processor 12
  Max Mhz: 2300, Current Mhz: 1700, Mhz Limit: 1679
Processor Information for processor 13
  Max Mhz: 2300, Current Mhz: 1700, Mhz Limit: 1679
Processor Information for processor 14
  Max Mhz: 2300, Current Mhz: 1700, Mhz Limit: 1679
Processor Information for processor 15
  Max Mhz: 2300, Current Mhz: 1700, Mhz Limit: 1679

Memory: 4k page, system-wide physical 7917M (1021M free)
TotalPageFile size 27236M (AvailPageFile size 232M)
current process WorkingSet (physical memory assigned to process): 23M, peak: 123M
current process commit charge ("private bytes"): 182M, peak: 194M

vm_info: OpenJDK 64-Bit Server VM (17.0.18+8-LTS) for windows-amd64 JRE (17.0.18+8-LTS), built on Jan 15 2026 18:50:45 by "MicrosoftCorporation" with MS VC++ 17.14 (VS2022)

END.
